{
  "RSpec": {
    "coverage": {
      "/Users/hoadam/3module/pair_project/market_money/spec/models/market_spec.rb": {
        "lines": [
          1,
          null,
          1,
          1,
          2,
          2,
          2,
          2,
          2,
          2,
          2,
          2,
          null,
          null,
          1,
          2,
          2,
          null,
          null,
          1,
          1,
          1,
          null,
          1,
          1,
          1,
          1,
          1,
          null,
          1,
          1,
          1,
          1,
          null,
          null,
          1,
          1,
          1,
          null,
          null,
          null,
          null
        ]
      },
      "/Users/hoadam/3module/pair_project/market_money/spec/rails_helper.rb": {
        "lines": [
          null,
          null,
          1,
          1,
          1,
          null,
          1,
          1,
          null,
          null,
          null,
          null,
          null,
          null,
          null,
          null,
          null,
          null,
          null,
          null,
          null,
          null,
          null,
          null,
          null,
          null,
          null,
          null,
          1,
          null,
          0,
          null,
          1,
          null,
          1,
          null,
          null,
          null,
          null,
          null,
          null,
          1,
          null,
          null,
          null,
          null,
          null,
          null,
          null,
          null,
          null,
          null,
          null,
          null,
          null,
          null,
          null,
          null,
          null,
          1,
          null,
          null,
          1,
          null,
          null,
          null,
          1,
          null,
          1,
          1,
          1,
          1,
          null,
          null
        ]
      },
      "/Users/hoadam/3module/pair_project/market_money/config/environment.rb": {
        "lines": [
          null,
          1,
          null,
          null,
          1
        ]
      },
      "/Users/hoadam/3module/pair_project/market_money/config/application.rb": {
        "lines": [
          1,
          null,
          1,
          null,
          1,
          1,
          1,
          1,
          1,
          1,
          1,
          1,
          1,
          1,
          null,
          null,
          null,
          null,
          1,
          null,
          1,
          1,
          null,
          1,
          null,
          null,
          null,
          null,
          1,
          null,
          null,
          null,
          null,
          null,
          null,
          null,
          null,
          null,
          null,
          null,
          null,
          1,
          null,
          null
        ]
      },
      "/Users/hoadam/3module/pair_project/market_money/config/boot.rb": {
        "lines": [
          1,
          null,
          1,
          1
        ]
      },
      "/Users/hoadam/3module/pair_project/market_money/config/environments/test.rb": {
        "lines": [
          1,
          null,
          null,
          null,
          null,
          null,
          null,
          1,
          null,
          null,
          null,
          1,
          null,
          null,
          null,
          null,
          null,
          1,
          null,
          null,
          1,
          1,
          null,
          null,
          null,
          null,
          1,
          1,
          1,
          null,
          null,
          1,
          null,
          null,
          1,
          null,
          null,
          1,
          null,
          1,
          null,
          null,
          null,
          null,
          1,
          null,
          null,
          1,
          null,
          null,
          1,
          null,
          null,
          1,
          null,
          null,
          null,
          null,
          null,
          null,
          null,
          null,
          1,
          null
        ]
      },
      "/Users/hoadam/3module/pair_project/market_money/config/initializers/cors.rb": {
        "lines": [
          null,
          null,
          null,
          null,
          null,
          null,
          null,
          null,
          null,
          null,
          null,
          null,
          null,
          null,
          null,
          null
        ]
      },
      "/Users/hoadam/3module/pair_project/market_money/config/initializers/filter_parameter_logging.rb": {
        "lines": [
          null,
          null,
          null,
          null,
          null,
          1,
          null,
          null
        ]
      },
      "/Users/hoadam/3module/pair_project/market_money/config/initializers/inflections.rb": {
        "lines": [
          null,
          null,
          null,
          null,
          null,
          null,
          null,
          null,
          null,
          null,
          null,
          null,
          null,
          null,
          null,
          null
        ]
      },
      "/Users/hoadam/3module/pair_project/market_money/spec/factories/markets.rb": {
        "lines": [
          1,
          1,
          17,
          17,
          17,
          17,
          17,
          17,
          17,
          17,
          null,
          null
        ]
      },
      "/Users/hoadam/3module/pair_project/market_money/spec/factories/vendors.rb": {
        "lines": [
          1,
          1,
          24,
          24,
          24,
          24,
          24,
          null,
          null
        ]
      },
      "/Users/hoadam/3module/pair_project/market_money/config/routes.rb": {
        "lines": [
          1,
          null,
          null,
          null,
          null,
          1,
          null,
          null,
          null,
          null,
          1,
          1,
          1,
          1,
          null,
          null,
          null
        ]
      },
      "/Users/hoadam/3module/pair_project/market_money/app/models/market.rb": {
        "lines": [
          1,
          1,
          1,
          null,
          1,
          null,
          null,
          null,
          null,
          null,
          null,
          null,
          null,
          1,
          7,
          null,
          null
        ]
      },
      "/Users/hoadam/3module/pair_project/market_money/app/models/application_record.rb": {
        "lines": [
          1,
          1,
          null
        ]
      },
      "/Users/hoadam/3module/pair_project/market_money/spec/models/market_vendor_spec.rb": {
        "lines": [
          1,
          null,
          1,
          1,
          2,
          2,
          null,
          null
        ]
      },
      "/Users/hoadam/3module/pair_project/market_money/app/models/market_vendor.rb": {
        "lines": [
          1,
          1,
          1,
          null
        ]
      },
      "/Users/hoadam/3module/pair_project/market_money/spec/models/vendor_spec.rb": {
        "lines": [
          1,
          null,
          1,
          1,
          2,
          2,
          2,
          2,
          1,
          1,
          1,
          1,
          null,
          1,
          1,
          null,
          null,
          null,
          1,
          2,
          2,
          null,
          null
        ]
      },
      "/Users/hoadam/3module/pair_project/market_money/app/models/vendor.rb": {
        "lines": [
          1,
          1,
          1,
          null,
          1,
          null,
          null,
          null,
          1,
          null,
          1,
          37,
          null,
          null
        ]
      },
      "/Users/hoadam/3module/pair_project/market_money/spec/requests/api/v0/markets_request_spec.rb": {
        "lines": [
          1,
          null,
          1,
          1,
          3,
          3,
          3,
          3,
          3,
          null,
          3,
          3,
          3,
          3,
          3,
          null,
          3,
          3,
          3,
          3,
          3,
          null,
          null,
          1,
          1,
          1,
          null,
          1,
          null,
          1,
          null,
          1,
          1,
          null,
          1,
          null,
          5,
          null,
          5,
          5,
          null,
          5,
          5,
          null,
          5,
          5,
          null,
          5,
          5,
          null,
          5,
          5,
          null,
          5,
          5,
          null,
          5,
          5,
          null,
          5,
          5,
          null,
          5,
          5,
          null,
          null,
          null,
          null,
          1,
          1,
          1,
          null,
          1,
          null,
          1,
          null,
          null,
          1,
          null,
          1,
          1,
          null,
          1,
          1,
          null,
          1,
          1,
          null,
          1,
          1,
          null,
          1,
          1,
          null,
          1,
          1,
          null,
          1,
          1,
          null,
          1,
          1,
          null,
          1,
          1,
          null,
          null,
          null,
          1,
          1,
          null,
          1,
          1,
          null,
          1,
          null,
          1,
          1,
          1,
          null,
          null,
          null
        ]
      },
      "/Users/hoadam/3module/pair_project/market_money/spec/requests/api/v0/vendors_request_spec.rb": {
        "lines": [
          1,
          null,
          1,
          1,
          1,
          1,
          null,
          1,
          null,
          1,
          null,
          1,
          null,
          1,
          1,
          null,
          1,
          1,
          null,
          1,
          1,
          null,
          1,
          1,
          null,
          1,
          1,
          null,
          null,
          1,
          null,
          1,
          null,
          null,
          null,
          null,
          null,
          1,
          null,
          1,
          1,
          null,
          1,
          1,
          1,
          1,
          1,
          1,
          null,
          null,
          1,
          1,
          1,
          1,
          1,
          1,
          1,
          null,
          1,
          1,
          1,
          null,
          null,
          null,
          1,
          1,
          1,
          null,
          1,
          1,
          null,
          1,
          null,
          1,
          1,
          1,
          null,
          null,
          1,
          null,
          1,
          null,
          null,
          null,
          1,
          null,
          1,
          1,
          null,
          1,
          1,
          null,
          1,
          null,
          1,
          1,
          null,
          null,
          1,
          1,
          1,
          1,
          null,
          null,
          1,
          1,
          null,
          1,
          null,
          1,
          1,
          null,
          null,
          1,
          1,
          null,
          1,
          1,
          null,
          1,
          null,
          1,
          1,
          null,
          null,
          null
        ]
      },
      "/Users/hoadam/3module/pair_project/market_money/app/controllers/api/v0/markets_controller.rb": {
        "lines": [
          1,
          1,
          null,
          1,
          1,
          null,
          null,
          1,
          2,
          null,
          null,
          1,
          null,
          1,
          1,
          null,
          null
        ]
      },
      "/Users/hoadam/3module/pair_project/market_money/app/controllers/application_controller.rb": {
        "lines": [
          1,
          null
        ]
      },
      "/Users/hoadam/3module/pair_project/market_money/app/serializers/market_serializer.rb": {
        "lines": [
          1,
          1,
          1,
          null,
          null,
          null,
          null,
          null,
          null,
          null,
          null,
          null,
          1,
          null,
          null,
          null,
          null,
          null,
          null,
          null,
          null,
          null,
          null,
          null,
          null,
          null,
          null,
          null,
          null,
          null,
          null,
          null,
          null,
          null,
          null,
          null,
          null,
          null,
          null,
          null,
          null,
          null,
          null
        ]
      },
      "/Users/hoadam/3module/pair_project/market_money/app/serializers/vendor_serializer.rb": {
        "lines": [
          1,
          1,
          1,
          null,
          null,
          null,
          null,
          null
        ]
      },
      "/Users/hoadam/3module/pair_project/market_money/app/serializers/error_serializer.rb": {
        "lines": [
          1,
          1,
          3,
          null,
          null,
          1,
          null,
          3,
          null,
          null,
          null,
          null,
          null,
          null,
          null,
          null
        ]
      },
      "/Users/hoadam/3module/pair_project/market_money/app/poros/error_message.rb": {
        "lines": [
          1,
          1,
          null,
          1,
          3,
          3,
          null,
          null
        ]
      },
      "/Users/hoadam/3module/pair_project/market_money/app/controllers/api/v0/vendors_controller.rb": {
        "lines": [
          1,
          1,
          null,
          1,
          2,
          null,
          null,
          1,
          2,
          2,
          1,
          null,
          1,
          null,
          null,
          null,
          1,
          3,
          null,
          2,
          1,
          null,
          1,
          null,
          null,
          null,
          1,
          null,
          1,
          2,
          null,
          null,
          null,
          1,
          4,
          null,
          null
        ]
      }
    },
    "timestamp": 1711485289
  }
}
